autoAssemble run started at Thu Nov 13 13:23:44 UTC 2025
Starting recursive assembly run
====== Assembling: ./06/example/Max.asm -> ./06/example/Max.hack ======
--- Skript gestartet ---
Thanks for using EasyAssembler v1.0.0 Copyright LeanderKafemann + NotGhostpro 2025
--- Parser for './06/example/Max.asm' ---
Initializing Parser...
Parsing...
@0
D=M
@1
D=D-M
@10
D;JGT
@1
D=M
@12
0;JMP
@0
D=M
@2
M=D
------- Symbols -------
{'R0': 0, 'R1': 1, 'R2': 2, 'R3': 3, 'R4': 4, 'R5': 5, 'R6': 6, 'R7': 7, 'R8': 8, 'R9': 9, 'R10': 10, 'R11': 11, 'R12': 12, 'R13': 13, 'R14': 14, 'R15': 15, 'LOOP': 10, 'END': 23, 'SCREEN': 16384, 'KBD': 24576, 'ITSR0': 10, 'OUTPUT_D': 12}
------- Lines -------
{0: '@0', 1: 'D=M', 2: '@1', 3: 'D=D-M', 4: '@10', 5: 'D;JGT', 6: '@1', 7: 'D=M', 8: '@12', 9: '0;JMP', 10: '@0', 11: 'D=M', 12: '@2', 13: 'M=D'}
Hack file at ./06/example/Max.hack was overwritten.
--- Verarbeitung abgeschlossen ---
Enter drücken zum Beenden...Assembler succeeded for ./06/example/Max.asm
Assembly summary: failures=0
